10:53:39  [main] 	Initializing Control Panel
10:53:39  [main] 	Windows Version: Windows 7 Ultimate SP1 64-bit
10:53:39  [main] 	XAMPP Version: 1.8.3
10:53:39  [main] 	Control Panel Version: 3.2.1  [ Compiled: May 7th 2013 ]
10:53:39  [main] 	Running with Administrator rights - good!
10:53:39  [main] 	XAMPP Installation Directory: "e:\xampp\"
10:53:39  [main] 	Checking for prerequisites
10:53:40  [main] 	All prerequisites found
10:53:40  [main] 	Initializing Modules
10:53:40  [mysql] 	Problem detected: MySQL Not Found!
10:53:40  [mysql] 	Disabling MySQL buttons
10:53:40  [mysql] 	Run this program from your XAMPP root directory!
10:53:40  [filezilla] 	Problem detected: FileZilla Not Found!
10:53:40  [filezilla] 	Disabling FileZilla buttons
10:53:40  [filezilla] 	Run this program from your XAMPP root directory!
10:53:40  [mercury] 	Problem detected: Mercury Not Found!
10:53:40  [mercury] 	Disabling Mercury buttons
10:53:40  [mercury] 	Run this program from your XAMPP root directory!
10:53:40  [Tomcat] 	Java is already running on port 8080!
10:53:40  [Tomcat] 	Is Tomcat already running?
10:53:40  [main] 	Starting Check-Timer
10:53:40  [main] 	Control Panel Ready
10:55:18  [main] 	Deinitializing Modules
10:55:18  [main] 	Deinitializing Control Panel

10:55:22  [main] 	Initializing Control Panel
10:55:22  [main] 	Windows Version: Windows 7 Ultimate SP1 64-bit
10:55:22  [main] 	XAMPP Version: 1.8.3
10:55:22  [main] 	Control Panel Version: 3.2.1  [ Compiled: May 7th 2013 ]
10:55:22  [main] 	Running with Administrator rights - good!
10:55:22  [main] 	XAMPP Installation Directory: "e:\xampp\"
10:55:22  [main] 	Checking for prerequisites
10:55:22  [main] 	All prerequisites found
10:55:22  [main] 	Initializing Modules
10:55:22  [mysql] 	Problem detected: MySQL Not Found!
10:55:22  [mysql] 	Disabling MySQL buttons
10:55:22  [mysql] 	Run this program from your XAMPP root directory!
10:55:22  [filezilla] 	Problem detected: FileZilla Not Found!
10:55:22  [filezilla] 	Disabling FileZilla buttons
10:55:22  [filezilla] 	Run this program from your XAMPP root directory!
10:55:22  [mercury] 	Problem detected: Mercury Not Found!
10:55:22  [mercury] 	Disabling Mercury buttons
10:55:22  [mercury] 	Run this program from your XAMPP root directory!
10:55:22  [main] 	Starting Check-Timer
10:55:22  [main] 	Control Panel Ready
10:56:16  [Tomcat] 	Installing service...
10:56:17  [Tomcat] 	Successful!
10:56:18  [Tomcat] 	Attempting to start Tomcat service...
10:56:28  [Apache] 	Installing service...
10:56:29  [Apache] 	Successful!
10:56:51  [Tomcat] 	Uninstalling service...
10:56:51  [Tomcat] 	Successful!
10:57:34  [Tomcat] 	Installing service...
10:57:35  [Tomcat] 	Successful!
10:57:38  [Tomcat] 	Attempting to start Tomcat service...
10:57:40  [Tomcat] 	Status change detected: running
10:57:55  [Apache] 	Attempting to start Apache service...
10:57:57  [Apache] 	Status change detected: running
11:22:55  [Tomcat] 	Attempting to stop Tomcat service...
11:22:56  [Tomcat] 	Status change detected: stopped
11:22:57  [Apache] 	Attempting to stop Apache service...
11:23:00  [Apache] 	Status change detected: stopped
11:23:02  [Apache] 	Uninstalling service...
11:23:03  [Apache] 	Successful!
11:23:05  [Tomcat] 	Uninstalling service...
11:23:05  [Tomcat] 	Successful!
11:23:45  [main] 	Deinitializing Modules
11:23:45  [main] 	Deinitializing Control Panel

